0 info it worked if it ends with ok
1 verbose cli [ 'C:\\Program Files\\nodejs\\node.exe',
1 verbose cli   'C:\\Program Files\\nodejs\\node_modules\\npm\\bin\\npm-cli.js',
1 verbose cli   'i',
1 verbose cli   '@babel/core',
1 verbose cli   'babel-loader',
1 verbose cli   '@babel/preset-env',
1 verbose cli   '@babel',
1 verbose cli   '--save-dev' ]
2 info using npm@3.10.3
3 info using node@v6.3.1
4 silly loadCurrentTree Starting
5 silly install loadCurrentTree
6 silly install readLocalPackageData
7 silly fetchPackageMetaData @babel/core
8 silly fetchPackageMetaData babel-loader
9 silly fetchPackageMetaData @babel/preset-env
10 silly fetchPackageMetaData @babel
11 silly fetchNamedPackageData @babel/core
12 silly mapToRegistry name @babel/core
13 silly mapToRegistry scope (from package name) @babel
14 verbose mapToRegistry no registry URL found in name for scope @babel
15 silly mapToRegistry using default registry
16 silly mapToRegistry registry https://registry.npmjs.org/
17 silly mapToRegistry data Result {
17 silly mapToRegistry   raw: '@babel/core',
17 silly mapToRegistry   scope: '@babel',
17 silly mapToRegistry   escapedName: '@babel%2fcore',
17 silly mapToRegistry   name: '@babel/core',
17 silly mapToRegistry   rawSpec: '',
17 silly mapToRegistry   spec: 'latest',
17 silly mapToRegistry   type: 'tag' }
18 silly mapToRegistry uri https://registry.npmjs.org/@babel%2fcore
19 silly fetchNamedPackageData babel-loader
20 silly mapToRegistry name babel-loader
21 silly mapToRegistry using default registry
22 silly mapToRegistry registry https://registry.npmjs.org/
23 silly mapToRegistry data Result {
23 silly mapToRegistry   raw: 'babel-loader',
23 silly mapToRegistry   scope: null,
23 silly mapToRegistry   escapedName: 'babel-loader',
23 silly mapToRegistry   name: 'babel-loader',
23 silly mapToRegistry   rawSpec: '',
23 silly mapToRegistry   spec: 'latest',
23 silly mapToRegistry   type: 'tag' }
24 silly mapToRegistry uri https://registry.npmjs.org/babel-loader
25 silly fetchNamedPackageData @babel/preset-env
26 silly mapToRegistry name @babel/preset-env
27 silly mapToRegistry scope (from package name) @babel
28 verbose mapToRegistry no registry URL found in name for scope @babel
29 silly mapToRegistry using default registry
30 silly mapToRegistry registry https://registry.npmjs.org/
31 silly mapToRegistry data Result {
31 silly mapToRegistry   raw: '@babel/preset-env',
31 silly mapToRegistry   scope: '@babel',
31 silly mapToRegistry   escapedName: '@babel%2fpreset-env',
31 silly mapToRegistry   name: '@babel/preset-env',
31 silly mapToRegistry   rawSpec: '',
31 silly mapToRegistry   spec: 'latest',
31 silly mapToRegistry   type: 'tag' }
32 silly mapToRegistry uri https://registry.npmjs.org/@babel%2fpreset-env
33 silly fetchOtherPackageData @babel
34 silly cache add args [ '@babel', null ]
35 verbose cache add spec @babel
36 verbose request uri https://registry.npmjs.org/@babel%2fcore
37 verbose request no auth needed
38 info attempt registry request try #1 at 13:49:44
39 verbose request id 94a12900638c5ef9
40 http request GET https://registry.npmjs.org/@babel%2fcore
41 verbose request uri https://registry.npmjs.org/babel-loader
42 verbose request no auth needed
43 info attempt registry request try #1 at 13:49:44
44 http request GET https://registry.npmjs.org/babel-loader
45 verbose request uri https://registry.npmjs.org/@babel%2fpreset-env
46 verbose request no auth needed
47 info attempt registry request try #1 at 13:49:44
48 http request GET https://registry.npmjs.org/@babel%2fpreset-env
49 silly cache add parsed spec Result {
49 silly cache add   raw: '@babel',
49 silly cache add   scope: null,
49 silly cache add   escapedName: null,
49 silly cache add   name: null,
49 silly cache add   rawSpec: '@babel',
49 silly cache add   spec: 'C:\\Users\\m\\Documents\\abadispute\\@babel',
49 silly cache add   type: 'local' }
50 error addLocal Could not install C:\Users\m\Documents\abadispute\@babel
51 silly fetchPackageMetaData Error: ENOENT: no such file or directory, open 'C:\Users\m\Documents\abadispute\@babel'
51 silly fetchPackageMetaData     at Error (native)
51 silly fetchPackageMetaData  error for @babel { Error: ENOENT: no such file or directory, open 'C:\Users\m\Documents\abadispute\@babel'
51 silly fetchPackageMetaData     at Error (native)
51 silly fetchPackageMetaData   errno: -4058,
51 silly fetchPackageMetaData   code: 'ENOENT',
51 silly fetchPackageMetaData   syscall: 'open',
51 silly fetchPackageMetaData   path: 'C:\\Users\\m\\Documents\\abadispute\\@babel' }
52 http 200 https://registry.npmjs.org/@babel%2fcore
53 verbose headers { date: 'Wed, 07 Aug 2019 11:49:44 GMT',
53 verbose headers   'content-type': 'application/json',
53 verbose headers   'transfer-encoding': 'chunked',
53 verbose headers   connection: 'keep-alive',
53 verbose headers   'set-cookie': [ '__cfduid=d9c2d18200cc6b470ebc4ae968bc0df881565178584; expires=Thu, 06-Aug-20 11:49:44 GMT; path=/; domain=.npmjs.org; HttpOnly' ],
53 verbose headers   'cf-cache-status': 'HIT',
53 verbose headers   'cache-control': 'public, max-age=300',
53 verbose headers   'cf-ray': '5029076bd8e3cbac-VIE',
53 verbose headers   age: '6837',
53 verbose headers   etag: 'W/"781262606d912089f7ca99224535f029"',
53 verbose headers   'expect-ct': 'max-age=604800, report-uri="https://report-uri.cloudflare.com/cdn-cgi/beacon/expect-ct"',
53 verbose headers   'last-modified': 'Wed, 17 Jul 2019 21:22:00 GMT',
53 verbose headers   vary: 'Accept-Encoding',
53 verbose headers   'x-amz-meta-rev': '87-6fa123e85266f69cbfb7d5ae3885e07e',
53 verbose headers   server: 'cloudflare',
53 verbose headers   'content-encoding': 'gzip' }
54 silly get cb [ 200,
54 silly get   { date: 'Wed, 07 Aug 2019 11:49:44 GMT',
54 silly get     'content-type': 'application/json',
54 silly get     'transfer-encoding': 'chunked',
54 silly get     connection: 'keep-alive',
54 silly get     'set-cookie': [ '__cfduid=d9c2d18200cc6b470ebc4ae968bc0df881565178584; expires=Thu, 06-Aug-20 11:49:44 GMT; path=/; domain=.npmjs.org; HttpOnly' ],
54 silly get     'cf-cache-status': 'HIT',
54 silly get     'cache-control': 'public, max-age=300',
54 silly get     'cf-ray': '5029076bd8e3cbac-VIE',
54 silly get     age: '6837',
54 silly get     etag: 'W/"781262606d912089f7ca99224535f029"',
54 silly get     'expect-ct': 'max-age=604800, report-uri="https://report-uri.cloudflare.com/cdn-cgi/beacon/expect-ct"',
54 silly get     'last-modified': 'Wed, 17 Jul 2019 21:22:00 GMT',
54 silly get     vary: 'Accept-Encoding',
54 silly get     'x-amz-meta-rev': '87-6fa123e85266f69cbfb7d5ae3885e07e',
54 silly get     server: 'cloudflare',
54 silly get     'content-encoding': 'gzip' } ]
55 verbose get saving @babel/core to C:\Users\m\AppData\Roaming\npm-cache\registry.npmjs.org\_40babel_252fcore\.cache.json
56 verbose correctMkdir C:\Users\m\AppData\Roaming\npm-cache correctMkdir not in flight; initializing
57 verbose makeDirectory C:\Users\m\AppData\Roaming\npm-cache creation not in flight; initializing
58 http 200 https://registry.npmjs.org/babel-loader
59 verbose headers { date: 'Wed, 07 Aug 2019 11:49:44 GMT',
59 verbose headers   'content-type': 'application/json',
59 verbose headers   'transfer-encoding': 'chunked',
59 verbose headers   connection: 'keep-alive',
59 verbose headers   'set-cookie': [ '__cfduid=dd6b9b58dd97c0e1f5f8a45381bbe350c1565178584; expires=Thu, 06-Aug-20 11:49:44 GMT; path=/; domain=.npmjs.org; HttpOnly' ],
59 verbose headers   'cf-cache-status': 'HIT',
59 verbose headers   'cache-control': 'max-age=300',
59 verbose headers   'cf-ray': '5029076bdfaecbd0-VIE',
59 verbose headers   age: '2216',
59 verbose headers   etag: 'W/"ec4dcbdd00a97cde00f2ca6887d1ac20"',
59 verbose headers   'expect-ct': 'max-age=604800, report-uri="https://report-uri.cloudflare.com/cdn-cgi/beacon/expect-ct"',
59 verbose headers   'last-modified': 'Sun, 12 May 2019 06:08:23 GMT',
59 verbose headers   vary: 'accept-encoding, accept',
59 verbose headers   'x-amz-meta-rev': '210-56d01b6cfbda3907edcf240005e15289',
59 verbose headers   server: 'cloudflare',
59 verbose headers   'content-encoding': 'gzip' }
60 silly get cb [ 200,
60 silly get   { date: 'Wed, 07 Aug 2019 11:49:44 GMT',
60 silly get     'content-type': 'application/json',
60 silly get     'transfer-encoding': 'chunked',
60 silly get     connection: 'keep-alive',
60 silly get     'set-cookie': [ '__cfduid=dd6b9b58dd97c0e1f5f8a45381bbe350c1565178584; expires=Thu, 06-Aug-20 11:49:44 GMT; path=/; domain=.npmjs.org; HttpOnly' ],
60 silly get     'cf-cache-status': 'HIT',
60 silly get     'cache-control': 'max-age=300',
60 silly get     'cf-ray': '5029076bdfaecbd0-VIE',
60 silly get     age: '2216',
60 silly get     etag: 'W/"ec4dcbdd00a97cde00f2ca6887d1ac20"',
60 silly get     'expect-ct': 'max-age=604800, report-uri="https://report-uri.cloudflare.com/cdn-cgi/beacon/expect-ct"',
60 silly get     'last-modified': 'Sun, 12 May 2019 06:08:23 GMT',
60 silly get     vary: 'accept-encoding, accept',
60 silly get     'x-amz-meta-rev': '210-56d01b6cfbda3907edcf240005e15289',
60 silly get     server: 'cloudflare',
60 silly get     'content-encoding': 'gzip' } ]
61 verbose get saving babel-loader to C:\Users\m\AppData\Roaming\npm-cache\registry.npmjs.org\babel-loader\.cache.json
62 verbose correctMkdir C:\Users\m\AppData\Roaming\npm-cache correctMkdir already in flight; waiting
63 verbose makeCacheDir UID & GID are irrelevant on win32
64 http 200 https://registry.npmjs.org/@babel%2fpreset-env
65 verbose headers { date: 'Wed, 07 Aug 2019 11:49:44 GMT',
65 verbose headers   'content-type': 'application/json',
65 verbose headers   'transfer-encoding': 'chunked',
65 verbose headers   connection: 'keep-alive',
65 verbose headers   'set-cookie': [ '__cfduid=d142ade5d9b46f9b867aa51e4924154c31565178584; expires=Thu, 06-Aug-20 11:49:44 GMT; path=/; domain=.npmjs.org; HttpOnly' ],
65 verbose headers   'cf-cache-status': 'HIT',
65 verbose headers   'cache-control': 'public, max-age=300',
65 verbose headers   'cf-ray': '5029076bda4ecba4-VIE',
65 verbose headers   age: '4836',
65 verbose headers   etag: 'W/"b65898555151ca1863f0fd001c4443d5"',
65 verbose headers   'expect-ct': 'max-age=604800, report-uri="https://report-uri.cloudflare.com/cdn-cgi/beacon/expect-ct"',
65 verbose headers   'last-modified': 'Wed, 17 Jul 2019 21:22:06 GMT',
65 verbose headers   vary: 'Accept-Encoding',
65 verbose headers   'x-amz-meta-rev': '84-219af298ab0035b03932451c8a62d66c',
65 verbose headers   server: 'cloudflare',
65 verbose headers   'content-encoding': 'gzip' }
66 silly get cb [ 200,
66 silly get   { date: 'Wed, 07 Aug 2019 11:49:44 GMT',
66 silly get     'content-type': 'application/json',
66 silly get     'transfer-encoding': 'chunked',
66 silly get     connection: 'keep-alive',
66 silly get     'set-cookie': [ '__cfduid=d142ade5d9b46f9b867aa51e4924154c31565178584; expires=Thu, 06-Aug-20 11:49:44 GMT; path=/; domain=.npmjs.org; HttpOnly' ],
66 silly get     'cf-cache-status': 'HIT',
66 silly get     'cache-control': 'public, max-age=300',
66 silly get     'cf-ray': '5029076bda4ecba4-VIE',
66 silly get     age: '4836',
66 silly get     etag: 'W/"b65898555151ca1863f0fd001c4443d5"',
66 silly get     'expect-ct': 'max-age=604800, report-uri="https://report-uri.cloudflare.com/cdn-cgi/beacon/expect-ct"',
66 silly get     'last-modified': 'Wed, 17 Jul 2019 21:22:06 GMT',
66 silly get     vary: 'Accept-Encoding',
66 silly get     'x-amz-meta-rev': '84-219af298ab0035b03932451c8a62d66c',
66 silly get     server: 'cloudflare',
66 silly get     'content-encoding': 'gzip' } ]
67 verbose get saving @babel/preset-env to C:\Users\m\AppData\Roaming\npm-cache\registry.npmjs.org\_40babel_252fpreset-env\.cache.json
68 verbose correctMkdir C:\Users\m\AppData\Roaming\npm-cache correctMkdir not in flight; initializing
69 silly rollbackFailedOptional Starting
70 silly rollbackFailedOptional Finishing
71 silly runTopLevelLifecycles Starting
72 silly runTopLevelLifecycles Finishing
73 silly install printInstalled
74 verbose stack Error: ENOENT: no such file or directory, open 'C:\Users\m\Documents\abadispute\@babel'
74 verbose stack     at Error (native)
75 verbose cwd C:\Users\m\Documents\abadispute
76 error Windows_NT 10.0.17134
77 error argv "C:\\Program Files\\nodejs\\node.exe" "C:\\Program Files\\nodejs\\node_modules\\npm\\bin\\npm-cli.js" "i" "@babel/core" "babel-loader" "@babel/preset-env" "@babel" "--save-dev"
78 error node v6.3.1
79 error npm  v3.10.3
80 error path C:\Users\m\Documents\abadispute\@babel
81 error code ENOENT
82 error errno -4058
83 error syscall open
84 error enoent ENOENT: no such file or directory, open 'C:\Users\m\Documents\abadispute\@babel'
85 error enoent ENOENT: no such file or directory, open 'C:\Users\m\Documents\abadispute\@babel'
85 error enoent This is most likely not a problem with npm itself
85 error enoent and is related to npm not being able to find a file.
86 verbose exit [ -4058, true ]
